<?xml version="1.0" encoding="UTF-8"?>
<!-- Generated by org.testng.reporters.JUnitReportReporter -->
<testsuite hostname="NEHAs-Air" failures="0" tests="1" name="testcases.NewsletterTest" time="16.126" errors="0" timestamp="2023-01-28T21:10:05 CET" skipped="0">
  <testcase classname="testcases.NewsletterTest" name="validateNewsletterSubscription" time="16.126"/>
  <system-out/>
</testsuite> <!-- testcases.NewsletterTest -->
