<?xml version="1.0" encoding="UTF-8"?>
<!-- Generated by org.testng.reporters.JUnitReportReporter -->
<testsuite hostname="NEHAs-Air" failures="0" tests="1" name="testcases.ShopingCartTest" time="15.240" errors="0" timestamp="2023-01-27T11:09:14 CET" skipped="0">
  <testcase classname="testcases.ShopingCartTest" name="verifyGiftCertificates" time="15.240"/>
  <system-out/>
</testsuite> <!-- testcases.ShopingCartTest -->
