<?xml version="1.0" encoding="UTF-8"?>
<!-- Generated by org.testng.reporters.JUnitReportReporter -->
<testsuite hostname="NEHAs-Air" failures="0" tests="1" name="testcases.RegistrationTest" time="16.512" errors="0" timestamp="2023-09-02T23:49:35 CEST" skipped="0">
  <testcase classname="testcases.RegistrationTest" name="verifyRegistrationWitnValidCredential" time="16.512"/>
  <system-out/>
</testsuite> <!-- testcases.RegistrationTest -->
