<?xml version="1.0" encoding="UTF-8"?>
<!-- Generated by org.testng.reporters.JUnitReportReporter -->
<testsuite hostname="NEHAs-Air" failures="0" tests="1" name="testcases.ForgottonPasswordTest" time="12.830" errors="0" timestamp="2023-01-26T11:40:13 CET" skipped="0">
  <testcase classname="testcases.ForgottonPasswordTest" name="verifyFogottonPwdWithValidEmail" time="12.830"/>
  <system-out/>
</testsuite> <!-- testcases.ForgottonPasswordTest -->
