<?xml version="1.0" encoding="UTF-8"?>
<!-- Generated by org.testng.reporters.JUnitReportReporter -->
<testsuite hostname="NEHAs-Air" failures="0" tests="1" name="testcases.GiftCertificatesTest" time="24.439" errors="0" timestamp="2023-08-31T22:53:24 CEST" skipped="0">
  <testcase classname="testcases.GiftCertificatesTest" name="verifyGiftCertificatesAdded" time="24.439"/>
  <system-out/>
</testsuite> <!-- testcases.GiftCertificatesTest -->
