<?xml version="1.0" encoding="UTF-8"?>
<!-- Generated by org.testng.reporters.JUnitReportReporter -->
<testsuite hostname="NEHAs-Air" failures="0" tests="2" name="testcases.WishlistTest" time="33.018" errors="0" timestamp="2023-01-26T11:40:13 CET" skipped="0">
  <testcase classname="testcases.WishlistTest" name="validateSearchProductAndAddTowishlist" time="14.639"/>
  <system-out/>
  <testcase classname="testcases.WishlistTest" name="removeProductFromWishlist" time="18.379"/>
  <system-out/>
</testsuite> <!-- testcases.WishlistTest -->
