<?xml version="1.0" encoding="UTF-8"?>
<!-- Generated by org.testng.reporters.JUnitReportReporter -->
<testsuite hostname="NEHAs-Air" failures="0" tests="1" name="testcases.AddNewAddressTest" time="14.577" errors="0" timestamp="2023-01-26T11:40:13 CET" skipped="0">
  <testcase classname="testcases.AddNewAddressTest" name="validateAddNewAddressTest" time="14.577"/>
  <system-out/>
</testsuite> <!-- testcases.AddNewAddressTest -->
